<?xml version="1.0" encoding="UTF-8"?>
<testng-results skipped="0" failed="0" total="1" passed="1">
  <reporter-output>
  </reporter-output>
  <suite name="TLM Automation" duration-ms="3557" started-at="2018-08-08T05:18:47Z" finished-at="2018-08-08T05:18:51Z">
    <groups>
    </groups>
    <test name="Test" duration-ms="3557" started-at="2018-08-08T05:18:47Z" finished-at="2018-08-08T05:18:51Z">
      <class name="tests.TestAcceptApi">
        <test-method status="PASS" signature="acceptTenderShipment()[pri:0, instance:tests.TestAcceptApi@185a6e9]" name="acceptTenderShipment" duration-ms="3545" started-at="2018-08-08T10:48:47Z" description="Tender and Accept the given shipment" finished-at="2018-08-08T10:48:51Z">
          <reporter-output>
          </reporter-output>
        </test-method> <!-- acceptTenderShipment -->
      </class> <!-- tests.TestAcceptApi -->
    </test> <!-- Test -->
  </suite> <!-- TLM Automation -->
</testng-results>
